PortalSession: Not logged in or session expired for 24BES****. Initiating login.
PortalSession: Login attempt 1/3 for user 24BES****
Fetching initial CSRF token, attempt 1/3...
Initial CSRF token found.
PortalSession: CSRF TOKEN: 873271c7 - **** - **** - ************
Pre-login successful.
Fetching captcha, attempt 1/5...
Captcha base64 found.
PortalSession: Solved captcha: XSKUA3
Login successful for user 24BES****. Redirected to content page.
registration number is 24BES****
PortalSession: Login successful for 24BES****
PROFILE: application_number='2024230913' student_name='ADITHYAA V' dob='14-Aug-2003' gender='MALE' b...
MENTOR: faculty_id='70653' faculty_name='GIRISH KUMAR MEKALA' faculty_designation='Associate Professor Grade-1'...
GRADE HISTORY: credits_registered='22.0' credits_earned='3.0' cgpa='0.82'
Found semester with data: Summer Semester2 2024-25 -> AP2024258
Found semester with data: Winter Semester 2024-25 Freshers -> AP2024255
Found semester with data: FALL SEM 2024-25 FRESHERS -> AP2024253
AVAILABLE SEMESTERS: [('Summer Semester2 2024-25', 'AP2024258'), ('Winter Semester 2024-25 Freshers', 'AP2024255'), ('FALL SEM 2024-25 FRESHERS', 'AP2024253')]
--- Data for Summer Semester2 2024-25 (AP2024258) ---
ATTENDANCE: [AttendanceModel(...)]
TIMETABLE: Monday=[Course(...)]
EXAM_SCHEDULE: root=[]
MARKS: root=[]
--- Data for Winter Semester 2024-25 Freshers (AP2024255) ---
ATTENDANCE: [AttendanceModel(...)]
TIMETABLE: Monday=[Course(...)]
EXAM_SCHEDULE: root=[ExamScheduleGroup(...)]
MARKS: root=[SubjectMark(...)]
--- Data for FALL SEM 2024-25 FRESHERS (AP2024253) ---
ATTENDANCE: [AttendanceModel(...)]
TIMETABLE: Monday=[Course(...)]
EXAM_SCHEDULE: root=[ExamScheduleGroup(...)]
MARKS: root=[SubjectMark(...)]
BIOMETRIC: []
WEEKEND OUTINGS: root=[]
GENERAL OUTINGS: root=[GeneralOutingRequest(...)]
PENDING PAYMENTS: [PendingPayment(...)]
PAYMENT RECEIPTS: [PaymentReceipt(...)]
